<?xml version="1.0" encoding="UTF-8"?>
<testsuite xmlns:xsi="http://www.w3.org/2001/XMLSchema-instance" xsi:noNamespaceSchemaLocation="https://maven.apache.org/surefire/maven-surefire-plugin/xsd/surefire-test-report.xsd" name="kalkulator.KalkulatorAppTest" time="0.03" tests="3" errors="0" skipped="0" failures="0">
  <properties>
[...]
</properties>
  <testcase name="addTwoPositiveDoubles" classname="kalkulator.KalkulatorAppTest" time="0.009"/>
  <testcase name="addTwoPositiveIntegers" classname="kalkulator.KalkulatorAppTest" time="0"/>
  <testcase name="divTwoPositibeDoubles" classname="kalkulator.KalkulatorAppTest" time="0"/>
</testsuite>